{"/Users/wildheartt/weatheryt/weather/src/api.js": {"path":"/Users/wildheartt/weatheryt/weather/src/api.js","statementMap":{"0":{"start":{"line":1,"column":30},"end":{"line":10,"column":1}},"1":{"start":{"line":2,"column":2},"end":{"line":9,"column":3}},"2":{"start":{"line":3,"column":21},"end":{"line":5,"column":5}},"3":{"start":{"line":6,"column":4},"end":{"line":6,"column":33}},"4":{"start":{"line":8,"column":4},"end":{"line":8,"column":25}}},"fnMap":{"0":{"name":"(anonymous_0)","decl":{"start":{"line":1,"column":30},"end":{"line":1,"column":31}},"loc":{"start":{"line":1,"column":46},"end":{"line":10,"column":1}},"line":1}},"branchMap":{},"s":{"0":3,"1":2,"2":2,"3":1,"4":1},"f":{"0":2},"b":{},"_coverageSchema":"1a1c01bbd47fc00a2c39e90264f33305004495a9","hash":"e772fec9c99f0ab0289c4acf162ce759488e93cf"}
,"/Users/wildheartt/weatheryt/weather/src/appContent.js": {"path":"/Users/wildheartt/weatheryt/weather/src/appContent.js","statementMap":{"0":{"start":{"line":3,"column":29},"end":{"line":91,"column":1}},"1":{"start":{"line":4,"column":15},"end":{"line":4,"column":45}},"2":{"start":{"line":5,"column":18},"end":{"line":5,"column":51}},"3":{"start":{"line":6,"column":20},"end":{"line":6,"column":49}},"4":{"start":{"line":7,"column":16},"end":{"line":7,"column":45}},"5":{"start":{"line":8,"column":19},"end":{"line":8,"column":48}},"6":{"start":{"line":9,"column":22},"end":{"line":9,"column":50}},"7":{"start":{"line":10,"column":16},"end":{"line":10,"column":46}},"8":{"start":{"line":11,"column":22},"end":{"line":11,"column":49}},"9":{"start":{"line":12,"column":22},"end":{"line":12,"column":51}},"10":{"start":{"line":13,"column":26},"end":{"line":13,"column":54}},"11":{"start":{"line":14,"column":26},"end":{"line":14,"column":54}},"12":{"start":{"line":15,"column":30},"end":{"line":15,"column":58}},"13":{"start":{"line":16,"column":30},"end":{"line":16,"column":58}},"14":{"start":{"line":17,"column":28},"end":{"line":17,"column":56}},"15":{"start":{"line":19,"column":2},"end":{"line":19,"column":35}},"16":{"start":{"line":20,"column":2},"end":{"line":20,"column":61}},"17":{"start":{"line":21,"column":2},"end":{"line":21,"column":40}},"18":{"start":{"line":22,"column":2},"end":{"line":22,"column":42}},"19":{"start":{"line":23,"column":2},"end":{"line":23,"column":52}},"20":{"start":{"line":24,"column":2},"end":{"line":24,"column":40}},"21":{"start":{"line":25,"column":2},"end":{"line":25,"column":52}},"22":{"start":{"line":26,"column":2},"end":{"line":26,"column":44}},"23":{"start":{"line":27,"column":2},"end":{"line":27,"column":54}},"24":{"start":{"line":28,"column":2},"end":{"line":28,"column":54}},"25":{"start":{"line":29,"column":2},"end":{"line":29,"column":58}},"26":{"start":{"line":30,"column":2},"end":{"line":30,"column":58}},"27":{"start":{"line":31,"column":2},"end":{"line":31,"column":56}},"28":{"start":{"line":33,"column":2},"end":{"line":33,"column":55}},"29":{"start":{"line":34,"column":2},"end":{"line":34,"column":79}},"30":{"start":{"line":35,"column":2},"end":{"line":39,"column":3}},"31":{"start":{"line":36,"column":4},"end":{"line":36,"column":82}},"32":{"start":{"line":38,"column":4},"end":{"line":38,"column":38}},"33":{"start":{"line":40,"column":2},"end":{"line":40,"column":26}},"34":{"start":{"line":42,"column":33},"end":{"line":47,"column":3}},"35":{"start":{"line":43,"column":17},"end":{"line":43,"column":47}},"36":{"start":{"line":44,"column":4},"end":{"line":44,"column":28}},"37":{"start":{"line":46,"column":4},"end":{"line":46,"column":16}},"38":{"start":{"line":49,"column":35},"end":{"line":54,"column":3}},"39":{"start":{"line":50,"column":14},"end":{"line":50,"column":41}},"40":{"start":{"line":51,"column":4},"end":{"line":51,"column":25}},"41":{"start":{"line":53,"column":4},"end":{"line":53,"column":13}},"42":{"start":{"line":56,"column":2},"end":{"line":61,"column":4}},"43":{"start":{"line":63,"column":2},"end":{"line":66,"column":4}},"44":{"start":{"line":68,"column":2},"end":{"line":71,"column":4}},"45":{"start":{"line":73,"column":2},"end":{"line":76,"column":4}},"46":{"start":{"line":78,"column":2},"end":{"line":78,"column":23}},"47":{"start":{"line":79,"column":2},"end":{"line":79,"column":28}},"48":{"start":{"line":80,"column":2},"end":{"line":80,"column":52}},"49":{"start":{"line":81,"column":2},"end":{"line":81,"column":45}},"50":{"start":{"line":82,"column":2},"end":{"line":82,"column":38}},"51":{"start":{"line":83,"column":2},"end":{"line":88,"column":4}},"52":{"start":{"line":90,"column":2},"end":{"line":90,"column":14}}},"fnMap":{"0":{"name":"(anonymous_0)","decl":{"start":{"line":3,"column":29},"end":{"line":3,"column":30}},"loc":{"start":{"line":3,"column":39},"end":{"line":91,"column":1}},"line":3},"1":{"name":"(anonymous_1)","decl":{"start":{"line":42,"column":33},"end":{"line":42,"column":34}},"loc":{"start":{"line":42,"column":43},"end":{"line":47,"column":3}},"line":42},"2":{"name":"(anonymous_2)","decl":{"start":{"line":49,"column":35},"end":{"line":49,"column":36}},"loc":{"start":{"line":49,"column":45},"end":{"line":54,"column":3}},"line":49}},"branchMap":{"0":{"loc":{"start":{"line":35,"column":2},"end":{"line":39,"column":3}},"type":"if","locations":[{"start":{"line":35,"column":2},"end":{"line":39,"column":3}},{"start":{"line":37,"column":9},"end":{"line":39,"column":3}}],"line":35},"1":{"loc":{"start":{"line":35,"column":6},"end":{"line":35,"column":61}},"type":"binary-expr","locations":[{"start":{"line":35,"column":6},"end":{"line":35,"column":18}},{"start":{"line":35,"column":22},"end":{"line":35,"column":37}},{"start":{"line":35,"column":41},"end":{"line":35,"column":61}}],"line":35}},"s":{"0":3,"1":1,"2":1,"3":1,"4":1,"5":1,"6":1,"7":1,"8":1,"9":1,"10":1,"11":1,"12":1,"13":1,"14":1,"15":1,"16":1,"17":1,"18":1,"19":1,"20":1,"21":1,"22":1,"23":1,"24":1,"25":1,"26":1,"27":1,"28":1,"29":1,"30":1,"31":1,"32":0,"33":1,"34":1,"35":4,"36":4,"37":4,"38":1,"39":4,"40":4,"41":4,"42":1,"43":1,"44":1,"45":1,"46":1,"47":1,"48":1,"49":1,"50":1,"51":1,"52":1},"f":{"0":1,"1":4,"2":4},"b":{"0":[1,0],"1":[1,1,1]},"_coverageSchema":"1a1c01bbd47fc00a2c39e90264f33305004495a9","hash":"364fec656a329e7063b9594015e97c57804acbf0"}
,"/Users/wildheartt/weatheryt/weather/src/appHeader.js": {"path":"/Users/wildheartt/weatheryt/weather/src/appHeader.js","statementMap":{"0":{"start":{"line":5,"column":28},"end":{"line":127,"column":1}},"1":{"start":{"line":6,"column":17},"end":{"line":6,"column":49}},"2":{"start":{"line":7,"column":26},"end":{"line":7,"column":55}},"3":{"start":{"line":8,"column":21},"end":{"line":8,"column":50}},"4":{"start":{"line":9,"column":22},"end":{"line":9,"column":51}},"5":{"start":{"line":10,"column":21},"end":{"line":10,"column":53}},"6":{"start":{"line":11,"column":23},"end":{"line":11,"column":55}},"7":{"start":{"line":12,"column":19},"end":{"line":12,"column":47}},"8":{"start":{"line":13,"column":17},"end":{"line":13,"column":49}},"9":{"start":{"line":14,"column":17},"end":{"line":14,"column":49}},"10":{"start":{"line":15,"column":20},"end":{"line":15,"column":49}},"11":{"start":{"line":16,"column":22},"end":{"line":16,"column":51}},"12":{"start":{"line":17,"column":22},"end":{"line":17,"column":53}},"13":{"start":{"line":18,"column":20},"end":{"line":18,"column":52}},"14":{"start":{"line":19,"column":21},"end":{"line":19,"column":48}},"15":{"start":{"line":21,"column":2},"end":{"line":21,"column":33}},"16":{"start":{"line":22,"column":2},"end":{"line":22,"column":66}},"17":{"start":{"line":23,"column":2},"end":{"line":23,"column":43}},"18":{"start":{"line":24,"column":2},"end":{"line":24,"column":45}},"19":{"start":{"line":25,"column":2},"end":{"line":25,"column":56}},"20":{"start":{"line":26,"column":2},"end":{"line":26,"column":60}},"21":{"start":{"line":27,"column":2},"end":{"line":27,"column":39}},"22":{"start":{"line":28,"column":2},"end":{"line":28,"column":41}},"23":{"start":{"line":29,"column":2},"end":{"line":29,"column":64}},"24":{"start":{"line":30,"column":2},"end":{"line":30,"column":48}},"25":{"start":{"line":31,"column":2},"end":{"line":31,"column":38}},"26":{"start":{"line":32,"column":2},"end":{"line":32,"column":44}},"27":{"start":{"line":33,"column":2},"end":{"line":33,"column":40}},"28":{"start":{"line":34,"column":2},"end":{"line":34,"column":44}},"29":{"start":{"line":36,"column":2},"end":{"line":36,"column":31}},"30":{"start":{"line":37,"column":2},"end":{"line":37,"column":30}},"31":{"start":{"line":38,"column":2},"end":{"line":38,"column":43}},"32":{"start":{"line":39,"column":2},"end":{"line":39,"column":50}},"33":{"start":{"line":40,"column":2},"end":{"line":40,"column":27}},"34":{"start":{"line":41,"column":2},"end":{"line":41,"column":27}},"35":{"start":{"line":43,"column":2},"end":{"line":47,"column":5}},"36":{"start":{"line":44,"column":4},"end":{"line":44,"column":30}},"37":{"start":{"line":45,"column":4},"end":{"line":45,"column":59}},"38":{"start":{"line":46,"column":4},"end":{"line":46,"column":35}},"39":{"start":{"line":49,"column":20},"end":{"line":52,"column":3}},"40":{"start":{"line":50,"column":4},"end":{"line":50,"column":43}},"41":{"start":{"line":51,"column":4},"end":{"line":51,"column":37}},"42":{"start":{"line":54,"column":2},"end":{"line":73,"column":5}},"43":{"start":{"line":55,"column":4},"end":{"line":58,"column":5}},"44":{"start":{"line":56,"column":6},"end":{"line":56,"column":44}},"45":{"start":{"line":57,"column":6},"end":{"line":57,"column":13}},"46":{"start":{"line":60,"column":4},"end":{"line":72,"column":5}},"47":{"start":{"line":61,"column":22},"end":{"line":61,"column":61}},"48":{"start":{"line":63,"column":6},"end":{"line":66,"column":7}},"49":{"start":{"line":64,"column":8},"end":{"line":64,"column":35}},"50":{"start":{"line":65,"column":8},"end":{"line":65,"column":15}},"51":{"start":{"line":68,"column":6},"end":{"line":68,"column":49}},"52":{"start":{"line":70,"column":6},"end":{"line":70,"column":67}},"53":{"start":{"line":71,"column":6},"end":{"line":71,"column":25}},"54":{"start":{"line":75,"column":2},"end":{"line":87,"column":5}},"55":{"start":{"line":76,"column":4},"end":{"line":78,"column":5}},"56":{"start":{"line":77,"column":6},"end":{"line":77,"column":13}},"57":{"start":{"line":80,"column":4},"end":{"line":80,"column":41}},"58":{"start":{"line":81,"column":4},"end":{"line":81,"column":44}},"59":{"start":{"line":82,"column":4},"end":{"line":82,"column":64}},"60":{"start":{"line":84,"column":24},"end":{"line":84,"column":71}},"61":{"start":{"line":85,"column":26},"end":{"line":85,"column":56}},"62":{"start":{"line":86,"column":4},"end":{"line":86,"column":56}},"63":{"start":{"line":89,"column":2},"end":{"line":101,"column":5}},"64":{"start":{"line":90,"column":4},"end":{"line":92,"column":5}},"65":{"start":{"line":91,"column":6},"end":{"line":91,"column":13}},"66":{"start":{"line":94,"column":4},"end":{"line":94,"column":41}},"67":{"start":{"line":95,"column":4},"end":{"line":95,"column":44}},"68":{"start":{"line":96,"column":4},"end":{"line":96,"column":64}},"69":{"start":{"line":98,"column":24},"end":{"line":98,"column":71}},"70":{"start":{"line":99,"column":26},"end":{"line":99,"column":56}},"71":{"start":{"line":100,"column":4},"end":{"line":100,"column":56}},"72":{"start":{"line":103,"column":2},"end":{"line":116,"column":5}},"73":{"start":{"line":104,"column":4},"end":{"line":115,"column":5}},"74":{"start":{"line":109,"column":6},"end":{"line":109,"column":13}},"75":{"start":{"line":111,"column":6},"end":{"line":111,"column":32}},"76":{"start":{"line":112,"column":6},"end":{"line":112,"column":48}},"77":{"start":{"line":113,"column":6},"end":{"line":113,"column":29}},"78":{"start":{"line":114,"column":6},"end":{"line":114,"column":45}},"79":{"start":{"line":118,"column":2},"end":{"line":118,"column":69}},"80":{"start":{"line":120,"column":2},"end":{"line":120,"column":33}},"81":{"start":{"line":121,"column":2},"end":{"line":121,"column":50}},"82":{"start":{"line":122,"column":2},"end":{"line":122,"column":45}},"83":{"start":{"line":123,"column":2},"end":{"line":123,"column":41}},"84":{"start":{"line":124,"column":2},"end":{"line":124,"column":37}},"85":{"start":{"line":126,"column":2},"end":{"line":126,"column":16}}},"fnMap":{"0":{"name":"(anonymous_0)","decl":{"start":{"line":5,"column":28},"end":{"line":5,"column":29}},"loc":{"start":{"line":5,"column":38},"end":{"line":127,"column":1}},"line":5},"1":{"name":"(anonymous_1)","decl":{"start":{"line":43,"column":39},"end":{"line":43,"column":40}},"loc":{"start":{"line":43,"column":45},"end":{"line":47,"column":3}},"line":43},"2":{"name":"(anonymous_2)","decl":{"start":{"line":49,"column":20},"end":{"line":49,"column":21}},"loc":{"start":{"line":49,"column":33},"end":{"line":52,"column":3}},"line":49},"3":{"name":"(anonymous_3)","decl":{"start":{"line":54,"column":38},"end":{"line":54,"column":39}},"loc":{"start":{"line":54,"column":50},"end":{"line":73,"column":3}},"line":54},"4":{"name":"(anonymous_4)","decl":{"start":{"line":75,"column":35},"end":{"line":75,"column":36}},"loc":{"start":{"line":75,"column":41},"end":{"line":87,"column":3}},"line":75},"5":{"name":"(anonymous_5)","decl":{"start":{"line":89,"column":35},"end":{"line":89,"column":36}},"loc":{"start":{"line":89,"column":41},"end":{"line":101,"column":3}},"line":89},"6":{"name":"(anonymous_6)","decl":{"start":{"line":103,"column":35},"end":{"line":103,"column":36}},"loc":{"start":{"line":103,"column":42},"end":{"line":116,"column":3}},"line":103}},"branchMap":{"0":{"loc":{"start":{"line":55,"column":4},"end":{"line":58,"column":5}},"type":"if","locations":[{"start":{"line":55,"column":4},"end":{"line":58,"column":5}},{"start":{},"end":{}}],"line":55},"1":{"loc":{"start":{"line":63,"column":6},"end":{"line":66,"column":7}},"type":"if","locations":[{"start":{"line":63,"column":6},"end":{"line":66,"column":7}},{"start":{},"end":{}}],"line":63},"2":{"loc":{"start":{"line":76,"column":4},"end":{"line":78,"column":5}},"type":"if","locations":[{"start":{"line":76,"column":4},"end":{"line":78,"column":5}},{"start":{},"end":{}}],"line":76},"3":{"loc":{"start":{"line":90,"column":4},"end":{"line":92,"column":5}},"type":"if","locations":[{"start":{"line":90,"column":4},"end":{"line":92,"column":5}},{"start":{},"end":{}}],"line":90},"4":{"loc":{"start":{"line":104,"column":4},"end":{"line":115,"column":5}},"type":"if","locations":[{"start":{"line":104,"column":4},"end":{"line":115,"column":5}},{"start":{"line":110,"column":11},"end":{"line":115,"column":5}}],"line":104},"5":{"loc":{"start":{"line":105,"column":6},"end":{"line":107,"column":28}},"type":"binary-expr","locations":[{"start":{"line":105,"column":6},"end":{"line":105,"column":29}},{"start":{"line":106,"column":6},"end":{"line":106,"column":27}},{"start":{"line":107,"column":6},"end":{"line":107,"column":28}}],"line":105}},"s":{"0":3,"1":1,"2":1,"3":1,"4":1,"5":1,"6":1,"7":1,"8":1,"9":1,"10":1,"11":1,"12":1,"13":1,"14":1,"15":1,"16":1,"17":1,"18":1,"19":1,"20":1,"21":1,"22":1,"23":1,"24":1,"25":1,"26":1,"27":1,"28":1,"29":1,"30":1,"31":1,"32":1,"33":1,"34":1,"35":1,"36":1,"37":1,"38":1,"39":1,"40":1,"41":1,"42":1,"43":1,"44":1,"45":1,"46":0,"47":0,"48":0,"49":0,"50":0,"51":0,"52":0,"53":0,"54":1,"55":0,"56":0,"57":0,"58":0,"59":0,"60":0,"61":0,"62":0,"63":1,"64":0,"65":0,"66":0,"67":0,"68":0,"69":0,"70":0,"71":0,"72":1,"73":2,"74":2,"75":0,"76":0,"77":0,"78":0,"79":1,"80":1,"81":1,"82":1,"83":1,"84":1,"85":1},"f":{"0":1,"1":1,"2":1,"3":1,"4":0,"5":0,"6":2},"b":{"0":[1,0],"1":[0,0],"2":[0,0],"3":[0,0],"4":[2,0],"5":[2,2,1]},"_coverageSchema":"1a1c01bbd47fc00a2c39e90264f33305004495a9","hash":"3de13e7eecfddf3044aab813e3db9637bf3cd1a4"}
,"/Users/wildheartt/weatheryt/weather/src/geolocation.js": {"path":"/Users/wildheartt/weatheryt/weather/src/geolocation.js","statementMap":{"0":{"start":{"line":4,"column":42},"end":{"line":27,"column":1}},"1":{"start":{"line":5,"column":18},"end":{"line":9,"column":3}},"2":{"start":{"line":10,"column":18},"end":{"line":21,"column":3}},"3":{"start":{"line":11,"column":16},"end":{"line":11,"column":26}},"4":{"start":{"line":13,"column":21},"end":{"line":15,"column":5}},"5":{"start":{"line":16,"column":19},"end":{"line":16,"column":40}},"6":{"start":{"line":18,"column":20},"end":{"line":18,"column":76}},"7":{"start":{"line":19,"column":4},"end":{"line":19,"column":69}},"8":{"start":{"line":20,"column":4},"end":{"line":20,"column":24}},"9":{"start":{"line":23,"column":16},"end":{"line":25,"column":3}},"10":{"start":{"line":24,"column":4},"end":{"line":24,"column":49}},"11":{"start":{"line":26,"column":2},"end":{"line":26,"column":68}}},"fnMap":{"0":{"name":"(anonymous_0)","decl":{"start":{"line":4,"column":42},"end":{"line":4,"column":43}},"loc":{"start":{"line":4,"column":48},"end":{"line":27,"column":1}},"line":4},"1":{"name":"(anonymous_1)","decl":{"start":{"line":10,"column":18},"end":{"line":10,"column":19}},"loc":{"start":{"line":10,"column":33},"end":{"line":21,"column":3}},"line":10},"2":{"name":"(anonymous_2)","decl":{"start":{"line":23,"column":16},"end":{"line":23,"column":17}},"loc":{"start":{"line":23,"column":27},"end":{"line":25,"column":3}},"line":23}},"branchMap":{},"s":{"0":3,"1":0,"2":0,"3":0,"4":0,"5":0,"6":0,"7":0,"8":0,"9":0,"10":0,"11":0},"f":{"0":0,"1":0,"2":0},"b":{},"_coverageSchema":"1a1c01bbd47fc00a2c39e90264f33305004495a9","hash":"4280eafdba8df50e00a705e4e5c4522e74842acf"}
,"/Users/wildheartt/weatheryt/weather/src/helper.js": {"path":"/Users/wildheartt/weatheryt/weather/src/helper.js","statementMap":{"0":{"start":{"line":4,"column":32},"end":{"line":30,"column":1}},"1":{"start":{"line":5,"column":2},"end":{"line":7,"column":3}},"2":{"start":{"line":6,"column":4},"end":{"line":6,"column":22}},"3":{"start":{"line":8,"column":2},"end":{"line":10,"column":3}},"4":{"start":{"line":9,"column":4},"end":{"line":9,"column":29}},"5":{"start":{"line":11,"column":2},"end":{"line":13,"column":3}},"6":{"start":{"line":12,"column":4},"end":{"line":12,"column":22}},"7":{"start":{"line":14,"column":2},"end":{"line":16,"column":3}},"8":{"start":{"line":15,"column":4},"end":{"line":15,"column":26}},"9":{"start":{"line":17,"column":2},"end":{"line":19,"column":3}},"10":{"start":{"line":18,"column":4},"end":{"line":18,"column":19}},"11":{"start":{"line":20,"column":2},"end":{"line":22,"column":3}},"12":{"start":{"line":21,"column":4},"end":{"line":21,"column":27}},"13":{"start":{"line":23,"column":2},"end":{"line":25,"column":3}},"14":{"start":{"line":24,"column":4},"end":{"line":24,"column":23}},"15":{"start":{"line":26,"column":2},"end":{"line":28,"column":3}},"16":{"start":{"line":27,"column":4},"end":{"line":27,"column":30}},"17":{"start":{"line":29,"column":2},"end":{"line":29,"column":20}},"18":{"start":{"line":32,"column":37},"end":{"line":34,"column":1}},"19":{"start":{"line":33,"column":2},"end":{"line":33,"column":58}},"20":{"start":{"line":36,"column":20},"end":{"line":38,"column":1}},"21":{"start":{"line":37,"column":2},"end":{"line":37,"column":32}},"22":{"start":{"line":40,"column":20},"end":{"line":42,"column":1}},"23":{"start":{"line":41,"column":2},"end":{"line":41,"column":37}},"24":{"start":{"line":44,"column":35},"end":{"line":50,"column":1}},"25":{"start":{"line":45,"column":2},"end":{"line":45,"column":53}},"26":{"start":{"line":46,"column":2},"end":{"line":46,"column":31}},"27":{"start":{"line":47,"column":17},"end":{"line":47,"column":35}},"28":{"start":{"line":48,"column":18},"end":{"line":48,"column":40}},"29":{"start":{"line":49,"column":2},"end":{"line":49,"column":40}}},"fnMap":{"0":{"name":"(anonymous_0)","decl":{"start":{"line":4,"column":32},"end":{"line":4,"column":33}},"loc":{"start":{"line":4,"column":44},"end":{"line":30,"column":1}},"line":4},"1":{"name":"(anonymous_1)","decl":{"start":{"line":32,"column":37},"end":{"line":32,"column":38}},"loc":{"start":{"line":32,"column":49},"end":{"line":34,"column":1}},"line":32},"2":{"name":"(anonymous_2)","decl":{"start":{"line":36,"column":20},"end":{"line":36,"column":21}},"loc":{"start":{"line":36,"column":33},"end":{"line":38,"column":1}},"line":36},"3":{"name":"(anonymous_3)","decl":{"start":{"line":40,"column":20},"end":{"line":40,"column":21}},"loc":{"start":{"line":40,"column":36},"end":{"line":42,"column":1}},"line":40},"4":{"name":"(anonymous_4)","decl":{"start":{"line":44,"column":35},"end":{"line":44,"column":36}},"loc":{"start":{"line":44,"column":54},"end":{"line":50,"column":1}},"line":44}},"branchMap":{"0":{"loc":{"start":{"line":5,"column":2},"end":{"line":7,"column":3}},"type":"if","locations":[{"start":{"line":5,"column":2},"end":{"line":7,"column":3}},{"start":{},"end":{}}],"line":5},"1":{"loc":{"start":{"line":8,"column":2},"end":{"line":10,"column":3}},"type":"if","locations":[{"start":{"line":8,"column":2},"end":{"line":10,"column":3}},{"start":{},"end":{}}],"line":8},"2":{"loc":{"start":{"line":11,"column":2},"end":{"line":13,"column":3}},"type":"if","locations":[{"start":{"line":11,"column":2},"end":{"line":13,"column":3}},{"start":{},"end":{}}],"line":11},"3":{"loc":{"start":{"line":14,"column":2},"end":{"line":16,"column":3}},"type":"if","locations":[{"start":{"line":14,"column":2},"end":{"line":16,"column":3}},{"start":{},"end":{}}],"line":14},"4":{"loc":{"start":{"line":17,"column":2},"end":{"line":19,"column":3}},"type":"if","locations":[{"start":{"line":17,"column":2},"end":{"line":19,"column":3}},{"start":{},"end":{}}],"line":17},"5":{"loc":{"start":{"line":20,"column":2},"end":{"line":22,"column":3}},"type":"if","locations":[{"start":{"line":20,"column":2},"end":{"line":22,"column":3}},{"start":{},"end":{}}],"line":20},"6":{"loc":{"start":{"line":23,"column":2},"end":{"line":25,"column":3}},"type":"if","locations":[{"start":{"line":23,"column":2},"end":{"line":25,"column":3}},{"start":{},"end":{}}],"line":23},"7":{"loc":{"start":{"line":26,"column":2},"end":{"line":28,"column":3}},"type":"if","locations":[{"start":{"line":26,"column":2},"end":{"line":28,"column":3}},{"start":{},"end":{}}],"line":26}},"s":{"0":3,"1":19,"2":2,"3":17,"4":2,"5":15,"6":2,"7":13,"8":2,"9":11,"10":3,"11":8,"12":2,"13":6,"14":2,"15":4,"16":2,"17":2,"18":3,"19":4,"20":3,"21":3,"22":3,"23":3,"24":3,"25":1,"26":1,"27":1,"28":1,"29":1},"f":{"0":19,"1":4,"2":3,"3":3,"4":1},"b":{"0":[2,17],"1":[2,15],"2":[2,13],"3":[2,11],"4":[3,8],"5":[2,6],"6":[2,4],"7":[2,2]},"_coverageSchema":"1a1c01bbd47fc00a2c39e90264f33305004495a9","hash":"28663f839726e1e46f26aefc1b27d4fe5373e23a"}
}
