TN:
SF:src/api.js
FN:1,(anonymous_0)
FNF:1
FNH:1
FNDA:2,(anonymous_0)
DA:1,3
DA:2,2
DA:3,2
DA:6,1
DA:8,1
LF:5
LH:5
BRF:0
BRH:0
end_of_record
TN:
SF:src/appContent.js
FN:3,(anonymous_0)
FN:42,(anonymous_1)
FN:49,(anonymous_2)
FNF:3
FNH:3
FNDA:1,(anonymous_0)
FNDA:4,(anonymous_1)
FNDA:4,(anonymous_2)
DA:3,3
DA:4,1
DA:5,1
DA:6,1
DA:7,1
DA:8,1
DA:9,1
DA:10,1
DA:11,1
DA:12,1
DA:13,1
DA:14,1
DA:15,1
DA:16,1
DA:17,1
DA:19,1
DA:20,1
DA:21,1
DA:22,1
DA:23,1
DA:24,1
DA:25,1
DA:26,1
DA:27,1
DA:28,1
DA:29,1
DA:30,1
DA:31,1
DA:33,1
DA:34,1
DA:35,1
DA:36,1
DA:38,0
DA:40,1
DA:42,1
DA:43,4
DA:44,4
DA:46,4
DA:49,1
DA:50,4
DA:51,4
DA:53,4
DA:56,1
DA:63,1
DA:68,1
DA:73,1
DA:78,1
DA:79,1
DA:80,1
DA:81,1
DA:82,1
DA:83,1
DA:90,1
LF:53
LH:52
BRDA:35,0,0,1
BRDA:35,0,1,0
BRDA:35,1,0,1
BRDA:35,1,1,1
BRDA:35,1,2,1
BRF:5
BRH:4
end_of_record
TN:
SF:src/appHeader.js
FN:5,(anonymous_0)
FN:43,(anonymous_1)
FN:49,(anonymous_2)
FN:54,(anonymous_3)
FN:75,(anonymous_4)
FN:89,(anonymous_5)
FN:103,(anonymous_6)
FNF:7
FNH:5
FNDA:1,(anonymous_0)
FNDA:1,(anonymous_1)
FNDA:1,(anonymous_2)
FNDA:1,(anonymous_3)
FNDA:0,(anonymous_4)
FNDA:0,(anonymous_5)
FNDA:2,(anonymous_6)
DA:5,3
DA:6,1
DA:7,1
DA:8,1
DA:9,1
DA:10,1
DA:11,1
DA:12,1
DA:13,1
DA:14,1
DA:15,1
DA:16,1
DA:17,1
DA:18,1
DA:19,1
DA:21,1
DA:22,1
DA:23,1
DA:24,1
DA:25,1
DA:26,1
DA:27,1
DA:28,1
DA:29,1
DA:30,1
DA:31,1
DA:32,1
DA:33,1
DA:34,1
DA:36,1
DA:37,1
DA:38,1
DA:39,1
DA:40,1
DA:41,1
DA:43,1
DA:44,1
DA:45,1
DA:46,1
DA:49,1
DA:50,1
DA:51,1
DA:54,1
DA:55,1
DA:56,1
DA:57,1
DA:60,0
DA:61,0
DA:63,0
DA:64,0
DA:65,0
DA:68,0
DA:70,0
DA:71,0
DA:75,1
DA:76,0
DA:77,0
DA:80,0
DA:81,0
DA:82,0
DA:84,0
DA:85,0
DA:86,0
DA:89,1
DA:90,0
DA:91,0
DA:94,0
DA:95,0
DA:96,0
DA:98,0
DA:99,0
DA:100,0
DA:103,1
DA:104,2
DA:109,2
DA:111,0
DA:112,0
DA:113,0
DA:114,0
DA:118,1
DA:120,1
DA:121,1
DA:122,1
DA:123,1
DA:124,1
DA:126,1
LF:86
LH:58
BRDA:55,0,0,1
BRDA:55,0,1,0
BRDA:63,1,0,0
BRDA:63,1,1,0
BRDA:76,2,0,0
BRDA:76,2,1,0
BRDA:90,3,0,0
BRDA:90,3,1,0
BRDA:104,4,0,2
BRDA:104,4,1,0
BRDA:105,5,0,2
BRDA:105,5,1,2
BRDA:105,5,2,1
BRF:13
BRH:5
end_of_record
TN:
SF:src/geolocation.js
FN:4,(anonymous_0)
FN:10,(anonymous_1)
FN:23,(anonymous_2)
FNF:3
FNH:0
FNDA:0,(anonymous_0)
FNDA:0,(anonymous_1)
FNDA:0,(anonymous_2)
DA:4,3
DA:5,0
DA:10,0
DA:11,0
DA:13,0
DA:16,0
DA:18,0
DA:19,0
DA:20,0
DA:23,0
DA:24,0
DA:26,0
LF:12
LH:1
BRF:0
BRH:0
end_of_record
TN:
SF:src/helper.js
FN:4,(anonymous_0)
FN:32,(anonymous_1)
FN:36,(anonymous_2)
FN:40,(anonymous_3)
FN:44,(anonymous_4)
FNF:5
FNH:5
FNDA:19,(anonymous_0)
FNDA:4,(anonymous_1)
FNDA:3,(anonymous_2)
FNDA:3,(anonymous_3)
FNDA:1,(anonymous_4)
DA:4,3
DA:5,19
DA:6,2
DA:8,17
DA:9,2
DA:11,15
DA:12,2
DA:14,13
DA:15,2
DA:17,11
DA:18,3
DA:20,8
DA:21,2
DA:23,6
DA:24,2
DA:26,4
DA:27,2
DA:29,2
DA:32,3
DA:33,4
DA:36,3
DA:37,3
DA:40,3
DA:41,3
DA:44,3
DA:45,1
DA:46,1
DA:47,1
DA:48,1
DA:49,1
LF:30
LH:30
BRDA:5,0,0,2
BRDA:5,0,1,17
BRDA:8,1,0,2
BRDA:8,1,1,15
BRDA:11,2,0,2
BRDA:11,2,1,13
BRDA:14,3,0,2
BRDA:14,3,1,11
BRDA:17,4,0,3
BRDA:17,4,1,8
BRDA:20,5,0,2
BRDA:20,5,1,6
BRDA:23,6,0,2
BRDA:23,6,1,4
BRDA:26,7,0,2
BRDA:26,7,1,2
BRF:16
BRH:16
end_of_record
